expressionexpressionexpressionexpressionexpressionexpressionexpressionexpressionexpressionexpressionexpressionexpressionexpressionexpressionexpressionexpressionexpressionexpressionexpressionexpressionexpressionexpressionArray
(
    [HTTP_HOST] => localhost
    [HTTP_CONNECTION] => keep-alive
    [CONTENT_LENGTH] => 42
    [HTTP_ACCEPT] => */*
    [HTTP_ORIGIN] => http://localhost
    [HTTP_X_REQUESTED_WITH] => XMLHttpRequest
    [HTTP_USER_AGENT] => Mozilla/5.0 (Windows NT 6.1; Win64; x64) AppleWebKit/537.36 (KHTML, like Gecko) Chrome/73.0.3683.103 Safari/537.36
    [CONTENT_TYPE] => application/x-www-form-urlencoded; charset=UTF-8
    [HTTP_REFERER] => http://localhost/test_up/17.04.2019/test_chat/
    [HTTP_ACCEPT_ENCODING] => gzip, deflate, br
    [HTTP_ACCEPT_LANGUAGE] => en-US,en;q=0.9,ru;q=0.8,fr;q=0.7,ar;q=0.6
    [PATH] => C:\Windows\system32;C:\Windows;C:\Windows\System32\Wbem;C:\Windows\System32\WindowsPowerShell\v1.0\;C:\Program Files\Git\cmd;
    [SystemRoot] => C:\Windows
    [COMSPEC] => C:\Windows\system32\cmd.exe
    [PATHEXT] => .COM;.EXE;.BAT;.CMD;.VBS;.VBE;.JS;.JSE;.WSF;.WSH;.MSC
    [WINDIR] => C:\Windows
    [SERVER_SIGNATURE] => 
    [SERVER_SOFTWARE] => Apache/2.4.18 (Win64) PHP/7.0.4
    [SERVER_NAME] => localhost
    [SERVER_ADDR] => ::1
    [SERVER_PORT] => 80
    [REMOTE_ADDR] => ::1
    [DOCUMENT_ROOT] => D:/Apache24/htdocs
    [REQUEST_SCHEME] => http
    [CONTEXT_PREFIX] => 
    [CONTEXT_DOCUMENT_ROOT] => D:/Apache24/htdocs
    [SERVER_ADMIN] => admin@example.com
    [SCRIPT_FILENAME] => D:/Apache24/htdocs/test_up/17.04.2019/test_chat/chat.php
    [REMOTE_PORT] => 59414
    [GATEWAY_INTERFACE] => CGI/1.1
    [SERVER_PROTOCOL] => HTTP/1.1
    [REQUEST_METHOD] => POST
    [QUERY_STRING] => 
    [REQUEST_URI] => /test_up/17.04.2019/test_chat/chat.php
    [SCRIPT_NAME] => /test_up/17.04.2019/test_chat/chat.php
    [PHP_SELF] => /test_up/17.04.2019/test_chat/chat.php
    [REQUEST_TIME_FLOAT] => 1555546973.169
    [REQUEST_TIME] => 1555546973
)
expressionhttp://localhostlocalhost-- bad wordlocalhost-- hosthttp://localhostlocalhost-- hosthttp://localhostlocalhost-- hosthttp://localhostlocalhost-- hosthttp://localhostlocalhost-- hosthttp://localhostlocalhost-- bad word